<?xml version="1.0" encoding="UTF-8"?>
<!-- Generated by org.testng.reporters.JUnitReportReporter -->
<testsuite skipped="0" hostname="DESKTOP-LH1RN4F" name="Vtiger.Practice.BaseClassPractice" tests="2" failures="0" timestamp="01 Jan 2023 15:31:05 GMT" time="0.009" errors="0">
  <testcase name="test1" time="0.007" classname="Vtiger.Practice.BaseClassPractice"/>
  <testcase name="test2" time="0.002" classname="Vtiger.Practice.BaseClassPractice"/>
</testsuite> <!-- Vtiger.Practice.BaseClassPractice -->
