<?xml version="1.0" encoding="UTF-8"?>
<!-- Generated by org.testng.reporters.JUnitReportReporter -->
<testsuite skipped="0" hostname="DESKTOP-LH1RN4F" name="Vtiger.Organization.Testscripts.CreateContactWithOrganizationTest" tests="1" failures="0" timestamp="08 Jan 2023 15:47:41 GMT" time="25.806" errors="0">
  <testcase name="CreatContactWithOrgTest" time="25.806" classname="Vtiger.Organization.Testscripts.CreateContactWithOrganizationTest"/>
</testsuite> <!-- Vtiger.Organization.Testscripts.CreateContactWithOrganizationTest -->
