<?xml version="1.0" encoding="UTF-8"?>
<!-- Generated by org.testng.reporters.JUnitReportReporter -->
<testsuite skipped="0" hostname="DESKTOP-LH1RN4F" name="Vtiger.Practice.AssertionPractice" tests="2" failures="0" timestamp="08 Jan 2023 09:19:25 GMT" time="0.020" errors="0">
  <testcase name="hardAssertTest1" time="0.010" classname="Vtiger.Practice.AssertionPractice"/>
  <testcase name="softAssertTest1" time="0.010" classname="Vtiger.Practice.AssertionPractice"/>
</testsuite> <!-- Vtiger.Practice.AssertionPractice -->
