<?xml version="1.0" encoding="UTF-8"?>
<!-- Generated by org.testng.reporters.JUnitReportReporter -->
<testsuite skipped="0" hostname="DESKTOP-LH1RN4F" name="Vtiger.practice1.DataProvider2" tests="4" failures="0" timestamp="01 Jan 2023 07:23:38 GMT" time="0.009" errors="0">
  <testcase name="addProductTocartTest" time="0.007" classname="Vtiger.practice1.DataProvider2"/>
  <testcase name="addProductTocartTest" time="0.001" classname="Vtiger.practice1.DataProvider2"/>
  <testcase name="addProductTocartTest" time="0.001" classname="Vtiger.practice1.DataProvider2"/>
  <testcase name="addProductTocartTest" time="0.000" classname="Vtiger.practice1.DataProvider2"/>
</testsuite> <!-- Vtiger.practice1.DataProvider2 -->
