<?xml version="1.0" encoding="UTF-8"?>
<!-- Generated by org.testng.reporters.JUnitReportReporter -->
<testsuite hostname="DESKTOP-LH1RN4F" failures="0" tests="1" name="Vtiger.Practice.ReadDataFromcmdLineTest" time="0.023" errors="0" timestamp="2023-02-16T10:00:11 IST" skipped="0">
  <testcase classname="Vtiger.Practice.ReadDataFromcmdLineTest" name="readData" time="0.023"/>
  <system-out/>
</testsuite> <!-- Vtiger.Practice.ReadDataFromcmdLineTest -->
