<?xml version="1.0" encoding="UTF-8"?>
<!-- Generated by org.testng.reporters.JUnitReportReporter -->
<testsuite skipped="0" hostname="DESKTOP-LH1RN4F" name="Vtiger.practice1.DataProvider" tests="2" failures="0" timestamp="01 Jan 2023 07:13:22 GMT" time="0.008" errors="0">
  <testcase name="addProductTocartTest" time="0.007" classname="Vtiger.practice1.DataProvider"/>
  <testcase name="addProductTocartTest" time="0.001" classname="Vtiger.practice1.DataProvider"/>
</testsuite> <!-- Vtiger.practice1.DataProvider -->
